[debug] [2024-08-14T16:47:51.819Z] ----------------------------------------------------------------------
[debug] [2024-08-14T16:47:51.821Z] Command:       /opt/homebrew/Cellar/node@20/20.15.0/bin/node /opt/homebrew/bin/firebase deploy --only functions
[debug] [2024-08-14T16:47:51.821Z] CLI Version:   13.13.0
[debug] [2024-08-14T16:47:51.821Z] Platform:      darwin
[debug] [2024-08-14T16:47:51.821Z] Node Version:  v20.15.0
[debug] [2024-08-14T16:47:51.821Z] Time:          Wed Aug 14 2024 17:47:51 GMT+0100 (British Summer Time)
[debug] [2024-08-14T16:47:51.822Z] ----------------------------------------------------------------------
[debug] 
[debug] [2024-08-14T16:47:51.865Z] > command requires scopes: ["email","openid","https://www.googleapis.com/auth/cloudplatformprojects.readonly","https://www.googleapis.com/auth/firebase","https://www.googleapis.com/auth/cloud-platform"]
[debug] [2024-08-14T16:47:51.865Z] > authorizing via signed-in user (rubeshchander.rc@gmail.com)
[debug] [2024-08-14T16:47:51.867Z] [iam] checking project home-care-8a1f3 for permissions ["cloudfunctions.functions.create","cloudfunctions.functions.delete","cloudfunctions.functions.get","cloudfunctions.functions.list","cloudfunctions.functions.update","cloudfunctions.operations.get","firebase.projects.get"]
[debug] [2024-08-14T16:47:51.869Z] >>> [apiv2][query] POST https://cloudresourcemanager.googleapis.com/v1/projects/home-care-8a1f3:testIamPermissions [none]
[debug] [2024-08-14T16:47:51.869Z] >>> [apiv2][(partial)header] POST https://cloudresourcemanager.googleapis.com/v1/projects/home-care-8a1f3:testIamPermissions x-goog-quota-user=projects/home-care-8a1f3
[debug] [2024-08-14T16:47:51.869Z] >>> [apiv2][body] POST https://cloudresourcemanager.googleapis.com/v1/projects/home-care-8a1f3:testIamPermissions {"permissions":["cloudfunctions.functions.create","cloudfunctions.functions.delete","cloudfunctions.functions.get","cloudfunctions.functions.list","cloudfunctions.functions.update","cloudfunctions.operations.get","firebase.projects.get"]}
[debug] [2024-08-14T16:47:52.533Z] <<< [apiv2][status] POST https://cloudresourcemanager.googleapis.com/v1/projects/home-care-8a1f3:testIamPermissions 200
[debug] [2024-08-14T16:47:52.534Z] <<< [apiv2][body] POST https://cloudresourcemanager.googleapis.com/v1/projects/home-care-8a1f3:testIamPermissions {"permissions":["cloudfunctions.functions.create","cloudfunctions.functions.delete","cloudfunctions.functions.get","cloudfunctions.functions.list","cloudfunctions.functions.update","cloudfunctions.operations.get","firebase.projects.get"]}
[debug] [2024-08-14T16:47:52.534Z] >>> [apiv2][query] POST https://iam.googleapis.com/v1/projects/home-care-8a1f3/serviceAccounts/home-care-8a1f3@appspot.gserviceaccount.com:testIamPermissions [none]
[debug] [2024-08-14T16:47:52.534Z] >>> [apiv2][body] POST https://iam.googleapis.com/v1/projects/home-care-8a1f3/serviceAccounts/home-care-8a1f3@appspot.gserviceaccount.com:testIamPermissions {"permissions":["iam.serviceAccounts.actAs"]}
[debug] [2024-08-14T16:47:53.280Z] <<< [apiv2][status] POST https://iam.googleapis.com/v1/projects/home-care-8a1f3/serviceAccounts/home-care-8a1f3@appspot.gserviceaccount.com:testIamPermissions 200
[debug] [2024-08-14T16:47:53.280Z] <<< [apiv2][body] POST https://iam.googleapis.com/v1/projects/home-care-8a1f3/serviceAccounts/home-care-8a1f3@appspot.gserviceaccount.com:testIamPermissions {"permissions":["iam.serviceAccounts.actAs"]}
[info] 
[info] === Deploying to 'home-care-8a1f3'...
[info] 
[info] i  deploying functions 
[info] Running command: npm --prefix "$RESOURCE_DIR" run lint
[info] Running command: npm --prefix "$RESOURCE_DIR" run build
[info] ✔  functions: Finished running predeploy script. 
[debug] [2024-08-14T16:47:58.490Z] >>> [apiv2][query] GET https://firebase.googleapis.com/v1beta1/projects/home-care-8a1f3 [none]
[debug] [2024-08-14T16:47:58.970Z] <<< [apiv2][status] GET https://firebase.googleapis.com/v1beta1/projects/home-care-8a1f3 200
[debug] [2024-08-14T16:47:58.971Z] <<< [apiv2][body] GET https://firebase.googleapis.com/v1beta1/projects/home-care-8a1f3 {"projectId":"home-care-8a1f3","projectNumber":"312521748553","displayName":"Home Care","name":"projects/home-care-8a1f3","resources":{"hostingSite":"home-care-8a1f3","storageBucket":"home-care-8a1f3.appspot.com","locationId":"europe-west"},"state":"ACTIVE","etag":"1_0c231dfb-0bef-4434-a465-8bcd5543a327"}
[info] i  functions: preparing codebase default for deployment 
[info] i  functions: ensuring required API cloudfunctions.googleapis.com is enabled... 
[info] i  functions: ensuring required API cloudbuild.googleapis.com is enabled... 
[info] i  artifactregistry: ensuring required API artifactregistry.googleapis.com is enabled... 
[debug] [2024-08-14T16:47:58.973Z] >>> [apiv2][query] GET https://serviceusage.googleapis.com/v1/projects/home-care-8a1f3/services/cloudfunctions.googleapis.com [none]
[debug] [2024-08-14T16:47:58.973Z] >>> [apiv2][(partial)header] GET https://serviceusage.googleapis.com/v1/projects/home-care-8a1f3/services/cloudfunctions.googleapis.com x-goog-quota-user=projects/home-care-8a1f3
[debug] [2024-08-14T16:47:58.975Z] >>> [apiv2][query] GET https://serviceusage.googleapis.com/v1/projects/home-care-8a1f3/services/runtimeconfig.googleapis.com [none]
[debug] [2024-08-14T16:47:58.975Z] >>> [apiv2][(partial)header] GET https://serviceusage.googleapis.com/v1/projects/home-care-8a1f3/services/runtimeconfig.googleapis.com x-goog-quota-user=projects/home-care-8a1f3
[debug] [2024-08-14T16:47:58.976Z] >>> [apiv2][query] GET https://serviceusage.googleapis.com/v1/projects/home-care-8a1f3/services/cloudbuild.googleapis.com [none]
[debug] [2024-08-14T16:47:58.977Z] >>> [apiv2][(partial)header] GET https://serviceusage.googleapis.com/v1/projects/home-care-8a1f3/services/cloudbuild.googleapis.com x-goog-quota-user=projects/home-care-8a1f3
[debug] [2024-08-14T16:47:58.978Z] >>> [apiv2][query] GET https://serviceusage.googleapis.com/v1/projects/home-care-8a1f3/services/artifactregistry.googleapis.com [none]
[debug] [2024-08-14T16:47:58.978Z] >>> [apiv2][(partial)header] GET https://serviceusage.googleapis.com/v1/projects/home-care-8a1f3/services/artifactregistry.googleapis.com x-goog-quota-user=projects/home-care-8a1f3
[debug] [2024-08-14T16:47:59.871Z] <<< [apiv2][status] GET https://serviceusage.googleapis.com/v1/projects/home-care-8a1f3/services/runtimeconfig.googleapis.com 200
[debug] [2024-08-14T16:47:59.871Z] <<< [apiv2][body] GET https://serviceusage.googleapis.com/v1/projects/home-care-8a1f3/services/runtimeconfig.googleapis.com [omitted]
[debug] [2024-08-14T16:47:59.881Z] <<< [apiv2][status] GET https://serviceusage.googleapis.com/v1/projects/home-care-8a1f3/services/cloudfunctions.googleapis.com 200
[debug] [2024-08-14T16:47:59.881Z] <<< [apiv2][body] GET https://serviceusage.googleapis.com/v1/projects/home-care-8a1f3/services/cloudfunctions.googleapis.com [omitted]
[info] ✔  functions: required API cloudfunctions.googleapis.com is enabled 
[debug] [2024-08-14T16:47:59.882Z] <<< [apiv2][status] GET https://serviceusage.googleapis.com/v1/projects/home-care-8a1f3/services/artifactregistry.googleapis.com 200
[debug] [2024-08-14T16:47:59.882Z] <<< [apiv2][body] GET https://serviceusage.googleapis.com/v1/projects/home-care-8a1f3/services/artifactregistry.googleapis.com [omitted]
[info] ✔  artifactregistry: required API artifactregistry.googleapis.com is enabled 
[debug] [2024-08-14T16:47:59.890Z] <<< [apiv2][status] GET https://serviceusage.googleapis.com/v1/projects/home-care-8a1f3/services/cloudbuild.googleapis.com 200
[debug] [2024-08-14T16:47:59.890Z] <<< [apiv2][body] GET https://serviceusage.googleapis.com/v1/projects/home-care-8a1f3/services/cloudbuild.googleapis.com [omitted]
[info] ✔  functions: required API cloudbuild.googleapis.com is enabled 
[debug] [2024-08-14T16:47:59.891Z] >>> [apiv2][query] GET https://firebase.googleapis.com/v1beta1/projects/home-care-8a1f3/adminSdkConfig [none]
[debug] [2024-08-14T16:48:00.447Z] <<< [apiv2][status] GET https://firebase.googleapis.com/v1beta1/projects/home-care-8a1f3/adminSdkConfig 200
[debug] [2024-08-14T16:48:00.448Z] <<< [apiv2][body] GET https://firebase.googleapis.com/v1beta1/projects/home-care-8a1f3/adminSdkConfig {"projectId":"home-care-8a1f3","storageBucket":"home-care-8a1f3.appspot.com","locationId":"europe-west"}
[debug] [2024-08-14T16:48:00.449Z] >>> [apiv2][query] GET https://runtimeconfig.googleapis.com/v1beta1/projects/home-care-8a1f3/configs [none]
[debug] [2024-08-14T16:48:00.826Z] <<< [apiv2][status] GET https://runtimeconfig.googleapis.com/v1beta1/projects/home-care-8a1f3/configs 200
[debug] [2024-08-14T16:48:00.826Z] <<< [apiv2][body] GET https://runtimeconfig.googleapis.com/v1beta1/projects/home-care-8a1f3/configs {}
[debug] [2024-08-14T16:48:00.828Z] Validating nodejs source
[debug] [2024-08-14T16:48:01.164Z] > [functions] package.json contents: {
  "name": "functions",
  "scripts": {
    "lint": "eslint --ext .js,.ts .",
    "build": "tsc",
    "build:watch": "tsc --watch",
    "serve": "npm run build && firebase emulators:start --only functions",
    "shell": "npm run build && firebase functions:shell",
    "start": "npm run shell",
    "deploy": "firebase deploy --only functions",
    "logs": "firebase functions:log"
  },
  "engines": {
    "node": "18"
  },
  "main": "lib/index.js",
  "dependencies": {
    "firebase-admin": "^12.1.0",
    "firebase-functions": "^5.0.0"
  },
  "devDependencies": {
    "@typescript-eslint/eslint-plugin": "^5.12.0",
    "@typescript-eslint/parser": "^5.12.0",
    "eslint": "^8.9.0",
    "eslint-config-google": "^0.14.0",
    "eslint-plugin-import": "^2.25.4",
    "firebase-functions-test": "^3.1.0",
    "typescript": "^4.9.0"
  },
  "private": true
}
[debug] [2024-08-14T16:48:01.165Z] Building nodejs source
[info] i  functions: Loading and analyzing source code for codebase default to determine what to deploy 
[debug] [2024-08-14T16:48:01.165Z] Could not find functions.yaml. Must use http discovery
[debug] [2024-08-14T16:48:01.169Z] Found firebase-functions binary at '/Users/rubesh/Documents/UOL - Assignments/Dissertation/home-care/functions/node_modules/.bin/firebase-functions'
[info] Serving at port 8499

[debug] [2024-08-14T16:48:01.321Z] Got response from /__/functions.yaml {"endpoints":{"deleteImages":{"platform":"gcfv1","availableMemoryMb":null,"timeoutSeconds":null,"minInstances":null,"maxInstances":null,"ingressSettings":null,"serviceAccountEmail":null,"vpc":null,"eventTrigger":{"eventType":"providers/cloud.firestore/eventTypes/document.delete","eventFilters":{"resource":"projects/home-care-8a1f3/databases/(default)/documents/{collection}/{id}"},"retry":false},"labels":{},"entryPoint":"deleteImages"},"addRequest":{"platform":"gcfv1","labels":{},"availableMemoryMb":null,"timeoutSeconds":null,"minInstances":null,"maxInstances":null,"ingressSettings":null,"serviceAccountEmail":null,"vpc":null,"callableTrigger":{},"entryPoint":"addRequest"},"checkAvailability":{"platform":"gcfv1","labels":{},"availableMemoryMb":null,"timeoutSeconds":null,"minInstances":null,"maxInstances":null,"ingressSettings":null,"serviceAccountEmail":null,"vpc":null,"callableTrigger":{},"entryPoint":"checkAvailability"},"addAvailability":{"platform":"gcfv1","availableMemoryMb":null,"timeoutSeconds":null,"minInstances":null,"maxInstances":null,"ingressSettings":null,"serviceAccountEmail":null,"vpc":null,"eventTrigger":{"eventType":"providers/cloud.firestore/eventTypes/document.create","eventFilters":{"resource":"projects/home-care-8a1f3/databases/(default)/documents/requests/{date}"},"retry":false},"labels":{},"entryPoint":"addAvailability"}},"specVersion":"v1alpha1","requiredAPIs":[]}
[info] i  functions: preparing functions directory for uploading... 
[info] i  functions: packaged /Users/rubesh/Documents/UOL - Assignments/Dissertation/home-care/functions (88.5 KB) for uploading 
[debug] [2024-08-14T16:48:06.379Z] >>> [apiv2][query] GET https://cloudfunctions.googleapis.com/v1/projects/home-care-8a1f3/locations/-/functions [none]
[debug] [2024-08-14T16:48:06.987Z] <<< [apiv2][status] GET https://cloudfunctions.googleapis.com/v1/projects/home-care-8a1f3/locations/-/functions 200
[debug] [2024-08-14T16:48:06.988Z] <<< [apiv2][body] GET https://cloudfunctions.googleapis.com/v1/projects/home-care-8a1f3/locations/-/functions {"functions":[{"name":"projects/home-care-8a1f3/locations/us-central1/functions/addRequest","httpsTrigger":{"url":"https://us-central1-home-care-8a1f3.cloudfunctions.net/addRequest","securityLevel":"SECURE_ALWAYS"},"status":"ACTIVE","entryPoint":"addRequest","timeout":"60s","availableMemoryMb":256,"serviceAccountEmail":"home-care-8a1f3@appspot.gserviceaccount.com","updateTime":"2024-08-03T22:04:30.735Z","versionId":"1","labels":{"deployment-tool":"cli-firebase","deployment-callable":"true","firebase-functions-hash":"1d4ccf7d3d98c732fa86b032ac082711040b5827"},"sourceUploadUrl":"https://storage.googleapis.com/uploads-501267011211.us-central1.cloudfunctions.appspot.com/315c2103-df66-414f-8d77-93d31a8b2f78.zip","environmentVariables":{"FIREBASE_CONFIG":"{\"projectId\":\"home-care-8a1f3\",\"storageBucket\":\"home-care-8a1f3.appspot.com\",\"locationId\":\"europe-west\"}","GCLOUD_PROJECT":"home-care-8a1f3","EVENTARC_CLOUD_EVENT_SOURCE":"projects/home-care-8a1f3/locations/us-central1/functions/addRequest"},"runtime":"nodejs18","ingressSettings":"ALLOW_ALL","buildId":"db1a50ed-2f89-42a1-9dda-150e2e6db750","buildEnvironmentVariables":{"GOOGLE_NODE_RUN_SCRIPTS":""},"buildName":"projects/312521748553/locations/us-central1/builds/db1a50ed-2f89-42a1-9dda-150e2e6db750","dockerRegistry":"ARTIFACT_REGISTRY","automaticUpdatePolicy":{}},{"name":"projects/home-care-8a1f3/locations/us-central1/functions/deleteImages","eventTrigger":{"eventType":"providers/cloud.firestore/eventTypes/document.delete","resource":"projects/home-care-8a1f3/databases/(default)/documents/{collection}/{id}","service":"firestore.googleapis.com","failurePolicy":{}},"status":"ACTIVE","entryPoint":"deleteImages","timeout":"60s","availableMemoryMb":256,"serviceAccountEmail":"home-care-8a1f3@appspot.gserviceaccount.com","updateTime":"2024-08-03T22:04:51.317Z","versionId":"2","labels":{"deployment-tool":"cli-firebase","firebase-functions-hash":"1d4ccf7d3d98c732fa86b032ac082711040b5827"},"sourceUploadUrl":"https://storage.googleapis.com/uploads-501267011211.us-central1.cloudfunctions.appspot.com/315c2103-df66-414f-8d77-93d31a8b2f78.zip","environmentVariables":{"FIREBASE_CONFIG":"{\"projectId\":\"home-care-8a1f3\",\"storageBucket\":\"home-care-8a1f3.appspot.com\",\"locationId\":\"europe-west\"}","GCLOUD_PROJECT":"home-care-8a1f3","EVENTARC_CLOUD_EVENT_SOURCE":"projects/home-care-8a1f3/locations/us-central1/functions/deleteImages"},"runtime":"nodejs18","maxInstances":3000,"ingressSettings":"ALLOW_ALL","buildId":"db1a50ed-2f89-42a1-9dda-150e2e6db750","buildEnvironmentVariables":{"GOOGLE_NODE_RUN_SCRIPTS":""},"buildName":"projects/312521748553/locations/us-central1/builds/db1a50ed-2f89-42a1-9dda-150e2e6db750","dockerRegistry":"ARTIFACT_REGISTRY","automaticUpdatePolicy":{}}]}
[debug] [2024-08-14T16:48:06.989Z] >>> [apiv2][query] GET https://cloudfunctions.googleapis.com/v2/projects/home-care-8a1f3/locations/-/functions filter=environment%3D%22GEN_2%22
[debug] [2024-08-14T16:48:07.975Z] <<< [apiv2][status] GET https://cloudfunctions.googleapis.com/v2/projects/home-care-8a1f3/locations/-/functions 200
[debug] [2024-08-14T16:48:07.975Z] <<< [apiv2][body] GET https://cloudfunctions.googleapis.com/v2/projects/home-care-8a1f3/locations/-/functions {}
[debug] [2024-08-14T16:48:07.977Z] >>> [apiv2][query] GET https://firebase.googleapis.com/v1beta1/projects/home-care-8a1f3 [none]
[debug] [2024-08-14T16:48:08.213Z] <<< [apiv2][status] GET https://firebase.googleapis.com/v1beta1/projects/home-care-8a1f3 200
[debug] [2024-08-14T16:48:08.213Z] <<< [apiv2][body] GET https://firebase.googleapis.com/v1beta1/projects/home-care-8a1f3 {"projectId":"home-care-8a1f3","projectNumber":"312521748553","displayName":"Home Care","name":"projects/home-care-8a1f3","resources":{"hostingSite":"home-care-8a1f3","storageBucket":"home-care-8a1f3.appspot.com","locationId":"europe-west"},"state":"ACTIVE","etag":"1_0c231dfb-0bef-4434-a465-8bcd5543a327"}
[debug] [2024-08-14T16:48:08.214Z] >>> [apiv2][query] POST https://cloudfunctions.googleapis.com/v1/projects/home-care-8a1f3/locations/us-central1/functions:generateUploadUrl [none]
[debug] [2024-08-14T16:48:08.214Z] >>> [apiv2][body] POST https://cloudfunctions.googleapis.com/v1/projects/home-care-8a1f3/locations/us-central1/functions:generateUploadUrl {}
[debug] [2024-08-14T16:48:09.126Z] <<< [apiv2][status] POST https://cloudfunctions.googleapis.com/v1/projects/home-care-8a1f3/locations/us-central1/functions:generateUploadUrl 200
[debug] [2024-08-14T16:48:09.126Z] <<< [apiv2][body] POST https://cloudfunctions.googleapis.com/v1/projects/home-care-8a1f3/locations/us-central1/functions:generateUploadUrl {"uploadUrl":"https://storage.googleapis.com/uploads-501267011211.us-central1.cloudfunctions.appspot.com/fad1bb10-0698-4387-b82a-6543b95ba9ee.zip?GoogleAccessId=service-312521748553@gcf-admin-robot.iam.gserviceaccount.com&Expires=1723655888&Signature=PotwX0c9x1ZBzCgFmI0SzBvol06DuqWvzG24cmqFFXrASBBcaTEV%2FEcJ6dlCc8kXxp4jRLazJR6mEd%2FBiWkFflMkrr5VnWJ%2B6%2FLc8zmFvMtnOGISduKlmjy5HZ88PGC3r9wuIlWFCGpuaj8S7y7uILYvCE%2BEdbABUqs6UFa7DLTgWlt5VKJAKopNEggdAjgjc5KxdfbT3Zvemd8gBbcX6zjRkgMrTV%2Bs6nOke3wCgoLr5DCBLZOXPvGkstIF7yGAXLlfQhZk6eAOT0JCkDu9B9bXjDML8wN5E5fRq5kKkyf4lLxQtETPnahxBYoFiYV5SmE0Rta5PY30A30zxK9fDA%3D%3D"}
[debug] [2024-08-14T16:48:09.127Z] >>> [apiv2][query] PUT https://storage.googleapis.com/uploads-501267011211.us-central1.cloudfunctions.appspot.com/fad1bb10-0698-4387-b82a-6543b95ba9ee.zip GoogleAccessId=service-312521748553%40gcf-admin-robot.iam.gserviceaccount.com&Expires=1723655888&Signature=PotwX0c9x1ZBzCgFmI0SzBvol06DuqWvzG24cmqFFXrASBBcaTEV%2FEcJ6dlCc8kXxp4jRLazJR6mEd%2FBiWkFflMkrr5VnWJ%2B6%2FLc8zmFvMtnOGISduKlmjy5HZ88PGC3r9wuIlWFCGpuaj8S7y7uILYvCE%2BEdbABUqs6UFa7DLTgWlt5VKJAKopNEggdAjgjc5KxdfbT3Zvemd8gBbcX6zjRkgMrTV%2Bs6nOke3wCgoLr5DCBLZOXPvGkstIF7yGAXLlfQhZk6eAOT0JCkDu9B9bXjDML8wN5E5fRq5kKkyf4lLxQtETPnahxBYoFiYV5SmE0Rta5PY30A30zxK9fDA%3D%3D
[debug] [2024-08-14T16:48:09.127Z] >>> [apiv2][body] PUT https://storage.googleapis.com/uploads-501267011211.us-central1.cloudfunctions.appspot.com/fad1bb10-0698-4387-b82a-6543b95ba9ee.zip [stream]
[debug] [2024-08-14T16:48:10.075Z] <<< [apiv2][status] PUT https://storage.googleapis.com/uploads-501267011211.us-central1.cloudfunctions.appspot.com/fad1bb10-0698-4387-b82a-6543b95ba9ee.zip 200
[debug] [2024-08-14T16:48:10.075Z] <<< [apiv2][body] PUT https://storage.googleapis.com/uploads-501267011211.us-central1.cloudfunctions.appspot.com/fad1bb10-0698-4387-b82a-6543b95ba9ee.zip [omitted]
[info] ✔  functions: functions folder uploaded successfully 
[info] i  functions: creating Node.js 18 (1st Gen) function checkAvailability(us-central1)... 
[info] i  functions: creating Node.js 18 (1st Gen) function addAvailability(us-central1)... 
[info] i  functions: updating Node.js 18 (1st Gen) function deleteImages(us-central1)... 
[info] i  functions: updating Node.js 18 (1st Gen) function addRequest(us-central1)... 
[debug] [2024-08-14T16:48:10.078Z] >>> [apiv2][query] POST https://cloudfunctions.googleapis.com/v1/projects/home-care-8a1f3/locations/us-central1/functions [none]
[debug] [2024-08-14T16:48:10.078Z] >>> [apiv2][body] POST https://cloudfunctions.googleapis.com/v1/projects/home-care-8a1f3/locations/us-central1/functions {"name":"projects/home-care-8a1f3/locations/us-central1/functions/checkAvailability","sourceUploadUrl":"https://storage.googleapis.com/uploads-501267011211.us-central1.cloudfunctions.appspot.com/fad1bb10-0698-4387-b82a-6543b95ba9ee.zip?GoogleAccessId=service-312521748553@gcf-admin-robot.iam.gserviceaccount.com&Expires=1723655888&Signature=PotwX0c9x1ZBzCgFmI0SzBvol06DuqWvzG24cmqFFXrASBBcaTEV%2FEcJ6dlCc8kXxp4jRLazJR6mEd%2FBiWkFflMkrr5VnWJ%2B6%2FLc8zmFvMtnOGISduKlmjy5HZ88PGC3r9wuIlWFCGpuaj8S7y7uILYvCE%2BEdbABUqs6UFa7DLTgWlt5VKJAKopNEggdAjgjc5KxdfbT3Zvemd8gBbcX6zjRkgMrTV%2Bs6nOke3wCgoLr5DCBLZOXPvGkstIF7yGAXLlfQhZk6eAOT0JCkDu9B9bXjDML8wN5E5fRq5kKkyf4lLxQtETPnahxBYoFiYV5SmE0Rta5PY30A30zxK9fDA%3D%3D","entryPoint":"checkAvailability","runtime":"nodejs18","dockerRegistry":"ARTIFACT_REGISTRY","labels":{"deployment-tool":"cli-firebase","deployment-callable":"true","firebase-functions-hash":"a3549a413549599736286081ac0bb5fff06f7713"},"httpsTrigger":{"securityLevel":"SECURE_ALWAYS"},"minInstances":null,"maxInstances":null,"ingressSettings":null,"environmentVariables":{"FIREBASE_CONFIG":"{\"projectId\":\"home-care-8a1f3\",\"storageBucket\":\"home-care-8a1f3.appspot.com\",\"locationId\":\"europe-west\"}","GCLOUD_PROJECT":"home-care-8a1f3","EVENTARC_CLOUD_EVENT_SOURCE":"projects/home-care-8a1f3/locations/us-central1/functions/checkAvailability"},"serviceAccountEmail":null,"availableMemoryMb":null,"timeout":null,"vpcConnector":null,"vpcConnectorEgressSettings":null,"buildEnvironmentVariables":{"GOOGLE_NODE_RUN_SCRIPTS":""}}
[debug] [2024-08-14T16:48:10.894Z] <<< [apiv2][status] POST https://cloudfunctions.googleapis.com/v1/projects/home-care-8a1f3/locations/us-central1/functions 200
[debug] [2024-08-14T16:48:10.894Z] <<< [apiv2][body] POST https://cloudfunctions.googleapis.com/v1/projects/home-care-8a1f3/locations/us-central1/functions {"name":"operations/aG9tZS1jYXJlLThhMWYzL3VzLWNlbnRyYWwxL2NoZWNrQXZhaWxhYmlsaXR5L3I5ZmtWSXU4NEtn","metadata":{"@type":"type.googleapis.com/google.cloud.functions.v1.OperationMetadataV1","target":"projects/home-care-8a1f3/locations/us-central1/functions/checkAvailability","type":"CREATE_FUNCTION","request":{"@type":"type.googleapis.com/google.cloud.functions.v1.CloudFunction","name":"projects/home-care-8a1f3/locations/us-central1/functions/checkAvailability","httpsTrigger":{"securityLevel":"SECURE_ALWAYS"},"entryPoint":"checkAvailability","labels":{"deployment-tool":"cli-firebase","deployment-callable":"true","firebase-functions-hash":"a3549a413549599736286081ac0bb5fff06f7713"},"sourceUploadUrl":"https://storage.googleapis.com/uploads-501267011211.us-central1.cloudfunctions.appspot.com/fad1bb10-0698-4387-b82a-6543b95ba9ee.zip?GoogleAccessId=service-312521748553@gcf-admin-robot.iam.gserviceaccount.com&Expires=1723655888&Signature=PotwX0c9x1ZBzCgFmI0SzBvol06DuqWvzG24cmqFFXrASBBcaTEV%2FEcJ6dlCc8kXxp4jRLazJR6mEd%2FBiWkFflMkrr5VnWJ%2B6%2FLc8zmFvMtnOGISduKlmjy5HZ88PGC3r9wuIlWFCGpuaj8S7y7uILYvCE%2BEdbABUqs6UFa7DLTgWlt5VKJAKopNEggdAjgjc5KxdfbT3Zvemd8gBbcX6zjRkgMrTV%2Bs6nOke3wCgoLr5DCBLZOXPvGkstIF7yGAXLlfQhZk6eAOT0JCkDu9B9bXjDML8wN5E5fRq5kKkyf4lLxQtETPnahxBYoFiYV5SmE0Rta5PY30A30zxK9fDA%3D%3D","environmentVariables":{"FIREBASE_CONFIG":"{\"projectId\":\"home-care-8a1f3\",\"storageBucket\":\"home-care-8a1f3.appspot.com\",\"locationId\":\"europe-west\"}","GCLOUD_PROJECT":"home-care-8a1f3","EVENTARC_CLOUD_EVENT_SOURCE":"projects/home-care-8a1f3/locations/us-central1/functions/checkAvailability"},"runtime":"nodejs18","buildEnvironmentVariables":{"GOOGLE_NODE_RUN_SCRIPTS":""},"dockerRegistry":"ARTIFACT_REGISTRY"},"versionId":"1","updateTime":"2024-08-14T16:48:10Z"}}
[debug] [2024-08-14T16:48:10.895Z] >>> [apiv2][query] GET https://cloudfunctions.googleapis.com/v1/operations/aG9tZS1jYXJlLThhMWYzL3VzLWNlbnRyYWwxL2NoZWNrQXZhaWxhYmlsaXR5L3I5ZmtWSXU4NEtn [none]
[debug] [2024-08-14T16:48:11.100Z] <<< [apiv2][status] GET https://cloudfunctions.googleapis.com/v1/operations/aG9tZS1jYXJlLThhMWYzL3VzLWNlbnRyYWwxL2NoZWNrQXZhaWxhYmlsaXR5L3I5ZmtWSXU4NEtn 200
[debug] [2024-08-14T16:48:11.100Z] <<< [apiv2][body] GET https://cloudfunctions.googleapis.com/v1/operations/aG9tZS1jYXJlLThhMWYzL3VzLWNlbnRyYWwxL2NoZWNrQXZhaWxhYmlsaXR5L3I5ZmtWSXU4NEtn {"name":"operations/aG9tZS1jYXJlLThhMWYzL3VzLWNlbnRyYWwxL2NoZWNrQXZhaWxhYmlsaXR5L3I5ZmtWSXU4NEtn","metadata":{"@type":"type.googleapis.com/google.cloud.functions.v1.OperationMetadataV1","target":"projects/home-care-8a1f3/locations/us-central1/functions/checkAvailability","type":"CREATE_FUNCTION","request":{"@type":"type.googleapis.com/google.cloud.functions.v1.CloudFunction","name":"projects/home-care-8a1f3/locations/us-central1/functions/checkAvailability","httpsTrigger":{"securityLevel":"SECURE_ALWAYS"},"entryPoint":"checkAvailability","labels":{"deployment-tool":"cli-firebase","deployment-callable":"true","firebase-functions-hash":"a3549a413549599736286081ac0bb5fff06f7713"},"sourceUploadUrl":"https://storage.googleapis.com/uploads-501267011211.us-central1.cloudfunctions.appspot.com/fad1bb10-0698-4387-b82a-6543b95ba9ee.zip?GoogleAccessId=service-312521748553@gcf-admin-robot.iam.gserviceaccount.com&Expires=1723655888&Signature=PotwX0c9x1ZBzCgFmI0SzBvol06DuqWvzG24cmqFFXrASBBcaTEV%2FEcJ6dlCc8kXxp4jRLazJR6mEd%2FBiWkFflMkrr5VnWJ%2B6%2FLc8zmFvMtnOGISduKlmjy5HZ88PGC3r9wuIlWFCGpuaj8S7y7uILYvCE%2BEdbABUqs6UFa7DLTgWlt5VKJAKopNEggdAjgjc5KxdfbT3Zvemd8gBbcX6zjRkgMrTV%2Bs6nOke3wCgoLr5DCBLZOXPvGkstIF7yGAXLlfQhZk6eAOT0JCkDu9B9bXjDML8wN5E5fRq5kKkyf4lLxQtETPnahxBYoFiYV5SmE0Rta5PY30A30zxK9fDA%3D%3D","environmentVariables":{"FIREBASE_CONFIG":"{\"projectId\":\"home-care-8a1f3\",\"storageBucket\":\"home-care-8a1f3.appspot.com\",\"locationId\":\"europe-west\"}","GCLOUD_PROJECT":"home-care-8a1f3","EVENTARC_CLOUD_EVENT_SOURCE":"projects/home-care-8a1f3/locations/us-central1/functions/checkAvailability"},"runtime":"nodejs18","buildEnvironmentVariables":{"GOOGLE_NODE_RUN_SCRIPTS":""},"dockerRegistry":"ARTIFACT_REGISTRY"},"versionId":"1","updateTime":"2024-08-14T16:48:10Z"}}
[debug] [2024-08-14T16:48:11.603Z] [create-default-us-central1-checkAvailability] Retrying task index 0
[debug] [2024-08-14T16:48:11.605Z] >>> [apiv2][query] GET https://cloudfunctions.googleapis.com/v1/operations/aG9tZS1jYXJlLThhMWYzL3VzLWNlbnRyYWwxL2NoZWNrQXZhaWxhYmlsaXR5L3I5ZmtWSXU4NEtn [none]
[debug] [2024-08-14T16:48:11.817Z] <<< [apiv2][status] GET https://cloudfunctions.googleapis.com/v1/operations/aG9tZS1jYXJlLThhMWYzL3VzLWNlbnRyYWwxL2NoZWNrQXZhaWxhYmlsaXR5L3I5ZmtWSXU4NEtn 200
[debug] [2024-08-14T16:48:11.817Z] <<< [apiv2][body] GET https://cloudfunctions.googleapis.com/v1/operations/aG9tZS1jYXJlLThhMWYzL3VzLWNlbnRyYWwxL2NoZWNrQXZhaWxhYmlsaXR5L3I5ZmtWSXU4NEtn {"name":"operations/aG9tZS1jYXJlLThhMWYzL3VzLWNlbnRyYWwxL2NoZWNrQXZhaWxhYmlsaXR5L3I5ZmtWSXU4NEtn","metadata":{"@type":"type.googleapis.com/google.cloud.functions.v1.OperationMetadataV1","target":"projects/home-care-8a1f3/locations/us-central1/functions/checkAvailability","type":"CREATE_FUNCTION","request":{"@type":"type.googleapis.com/google.cloud.functions.v1.CloudFunction","name":"projects/home-care-8a1f3/locations/us-central1/functions/checkAvailability","httpsTrigger":{"securityLevel":"SECURE_ALWAYS"},"entryPoint":"checkAvailability","labels":{"deployment-tool":"cli-firebase","deployment-callable":"true","firebase-functions-hash":"a3549a413549599736286081ac0bb5fff06f7713"},"sourceUploadUrl":"https://storage.googleapis.com/uploads-501267011211.us-central1.cloudfunctions.appspot.com/fad1bb10-0698-4387-b82a-6543b95ba9ee.zip?GoogleAccessId=service-312521748553@gcf-admin-robot.iam.gserviceaccount.com&Expires=1723655888&Signature=PotwX0c9x1ZBzCgFmI0SzBvol06DuqWvzG24cmqFFXrASBBcaTEV%2FEcJ6dlCc8kXxp4jRLazJR6mEd%2FBiWkFflMkrr5VnWJ%2B6%2FLc8zmFvMtnOGISduKlmjy5HZ88PGC3r9wuIlWFCGpuaj8S7y7uILYvCE%2BEdbABUqs6UFa7DLTgWlt5VKJAKopNEggdAjgjc5KxdfbT3Zvemd8gBbcX6zjRkgMrTV%2Bs6nOke3wCgoLr5DCBLZOXPvGkstIF7yGAXLlfQhZk6eAOT0JCkDu9B9bXjDML8wN5E5fRq5kKkyf4lLxQtETPnahxBYoFiYV5SmE0Rta5PY30A30zxK9fDA%3D%3D","environmentVariables":{"FIREBASE_CONFIG":"{\"projectId\":\"home-care-8a1f3\",\"storageBucket\":\"home-care-8a1f3.appspot.com\",\"locationId\":\"europe-west\"}","GCLOUD_PROJECT":"home-care-8a1f3","EVENTARC_CLOUD_EVENT_SOURCE":"projects/home-care-8a1f3/locations/us-central1/functions/checkAvailability"},"runtime":"nodejs18","buildEnvironmentVariables":{"GOOGLE_NODE_RUN_SCRIPTS":""},"dockerRegistry":"ARTIFACT_REGISTRY"},"versionId":"1","updateTime":"2024-08-14T16:48:10Z","buildId":"9dfe8199-7f41-49f6-884a-cdb59fd789d8","buildName":"projects/312521748553/locations/us-central1/builds/9dfe8199-7f41-49f6-884a-cdb59fd789d8"}}
[debug] [2024-08-14T16:48:12.819Z] [create-default-us-central1-checkAvailability] Retrying task index 0
[debug] [2024-08-14T16:48:12.820Z] >>> [apiv2][query] GET https://cloudfunctions.googleapis.com/v1/operations/aG9tZS1jYXJlLThhMWYzL3VzLWNlbnRyYWwxL2NoZWNrQXZhaWxhYmlsaXR5L3I5ZmtWSXU4NEtn [none]
[debug] [2024-08-14T16:48:13.007Z] <<< [apiv2][status] GET https://cloudfunctions.googleapis.com/v1/operations/aG9tZS1jYXJlLThhMWYzL3VzLWNlbnRyYWwxL2NoZWNrQXZhaWxhYmlsaXR5L3I5ZmtWSXU4NEtn 200
[debug] [2024-08-14T16:48:13.007Z] <<< [apiv2][body] GET https://cloudfunctions.googleapis.com/v1/operations/aG9tZS1jYXJlLThhMWYzL3VzLWNlbnRyYWwxL2NoZWNrQXZhaWxhYmlsaXR5L3I5ZmtWSXU4NEtn {"name":"operations/aG9tZS1jYXJlLThhMWYzL3VzLWNlbnRyYWwxL2NoZWNrQXZhaWxhYmlsaXR5L3I5ZmtWSXU4NEtn","metadata":{"@type":"type.googleapis.com/google.cloud.functions.v1.OperationMetadataV1","target":"projects/home-care-8a1f3/locations/us-central1/functions/checkAvailability","type":"CREATE_FUNCTION","request":{"@type":"type.googleapis.com/google.cloud.functions.v1.CloudFunction","name":"projects/home-care-8a1f3/locations/us-central1/functions/checkAvailability","httpsTrigger":{"securityLevel":"SECURE_ALWAYS"},"entryPoint":"checkAvailability","labels":{"deployment-tool":"cli-firebase","deployment-callable":"true","firebase-functions-hash":"a3549a413549599736286081ac0bb5fff06f7713"},"sourceUploadUrl":"https://storage.googleapis.com/uploads-501267011211.us-central1.cloudfunctions.appspot.com/fad1bb10-0698-4387-b82a-6543b95ba9ee.zip?GoogleAccessId=service-312521748553@gcf-admin-robot.iam.gserviceaccount.com&Expires=1723655888&Signature=PotwX0c9x1ZBzCgFmI0SzBvol06DuqWvzG24cmqFFXrASBBcaTEV%2FEcJ6dlCc8kXxp4jRLazJR6mEd%2FBiWkFflMkrr5VnWJ%2B6%2FLc8zmFvMtnOGISduKlmjy5HZ88PGC3r9wuIlWFCGpuaj8S7y7uILYvCE%2BEdbABUqs6UFa7DLTgWlt5VKJAKopNEggdAjgjc5KxdfbT3Zvemd8gBbcX6zjRkgMrTV%2Bs6nOke3wCgoLr5DCBLZOXPvGkstIF7yGAXLlfQhZk6eAOT0JCkDu9B9bXjDML8wN5E5fRq5kKkyf4lLxQtETPnahxBYoFiYV5SmE0Rta5PY30A30zxK9fDA%3D%3D","environmentVariables":{"FIREBASE_CONFIG":"{\"projectId\":\"home-care-8a1f3\",\"storageBucket\":\"home-care-8a1f3.appspot.com\",\"locationId\":\"europe-west\"}","GCLOUD_PROJECT":"home-care-8a1f3","EVENTARC_CLOUD_EVENT_SOURCE":"projects/home-care-8a1f3/locations/us-central1/functions/checkAvailability"},"runtime":"nodejs18","buildEnvironmentVariables":{"GOOGLE_NODE_RUN_SCRIPTS":""},"dockerRegistry":"ARTIFACT_REGISTRY"},"versionId":"1","updateTime":"2024-08-14T16:48:10Z","buildId":"9dfe8199-7f41-49f6-884a-cdb59fd789d8","buildName":"projects/312521748553/locations/us-central1/builds/9dfe8199-7f41-49f6-884a-cdb59fd789d8"}}
